<?xml version="1.0" encoding="UTF-8"?>
<!-- Generated by org.testng.reporters.JUnitReportReporter -->
<testsuite hostname="Kavuris-MBP" name="com.crm.qa.testcases.HomePageTest" tests="2" failures="0" timestamp="6 Mar 2018 17:13:21 GMT" time="60.865" errors="0">
  <testcase name="homePageUserLabel" time="31.714" classname="com.crm.qa.testcases.HomePageTest"/>
  <testcase name="contactsLinkTest" time="29.151" classname="com.crm.qa.testcases.HomePageTest"/>
</testsuite> <!-- com.crm.qa.testcases.HomePageTest -->
