<?xml version="1.0" encoding="UTF-8"?>
<!-- Generated by org.testng.reporters.JUnitReportReporter -->
<testsuite hostname="Kavuris-MBP" name="com.crm.qa.testcases.LoginPageTest" tests="3" failures="0" timestamp="7 Mar 2018 15:42:17 GMT" time="50.320" errors="0">
  <testcase name="crmLogoImageTest" time="14.590" classname="com.crm.qa.testcases.LoginPageTest"/>
  <testcase name="logintest" time="17.979" classname="com.crm.qa.testcases.LoginPageTest"/>
  <testcase name="loginPageTitleTest" time="17.751" classname="com.crm.qa.testcases.LoginPageTest"/>
</testsuite> <!-- com.crm.qa.testcases.LoginPageTest -->
