<?xml version="1.0" encoding="UTF-8"?>
<!-- Generated by org.testng.reporters.JUnitReportReporter -->
<testsuite hostname="Kavuris-MBP" name="com.crm.qa.testcases.ContactsPageTest" tests="3" failures="0" timestamp="7 Mar 2018 12:24:16 GMT" time="67.923" errors="0">
  <testcase name="validateCreateNewContact" time="30.329" classname="com.crm.qa.testcases.ContactsPageTest"/>
  <testcase name="validateCreateNewContact" time="20.206" classname="com.crm.qa.testcases.ContactsPageTest"/>
  <testcase name="validateCreateNewContact" time="17.388" classname="com.crm.qa.testcases.ContactsPageTest"/>
</testsuite> <!-- com.crm.qa.testcases.ContactsPageTest -->
